2022-07-29 14:28:06.3868||DEBUG|Microsoft.EntityFrameworkCore.Infrastructure|An 'IServiceProvider' was created for internal use by Entity Framework.  
2022-07-29 14:28:07.0596||INFO|Microsoft.EntityFrameworkCore.Infrastructure|Entity Framework Core 6.0.7 initialized 'ForumDbContext' using provider 'Microsoft.EntityFrameworkCore.SqlServer:6.0.7' with options: None  
2022-07-29 14:28:07.0988||DEBUG|Microsoft.EntityFrameworkCore.Database.Connection|Opening connection to database 'Forum' on server 'LAPTOP-VQRVD89V\SQLEXPRESS'.  
2022-07-29 14:28:07.3340||DEBUG|Microsoft.EntityFrameworkCore.Database.Connection|Opened connection to database 'Forum' on server 'LAPTOP-VQRVD89V\SQLEXPRESS'.  
2022-07-29 14:28:07.3340||DEBUG|Microsoft.EntityFrameworkCore.Database.Command|Creating DbCommand for 'ExecuteNonQuery'.  
2022-07-29 14:28:07.3457||DEBUG|Microsoft.EntityFrameworkCore.Database.Command|Created DbCommand for 'ExecuteNonQuery' (4ms).  
2022-07-29 14:28:07.3457||DEBUG|Microsoft.EntityFrameworkCore.Database.Command|Executing DbCommand [Parameters=[], CommandType='Text', CommandTimeout='30']
SELECT 1  
2022-07-29 14:28:07.3777||INFO|Microsoft.EntityFrameworkCore.Database.Command|Executed DbCommand (25ms) [Parameters=[], CommandType='Text', CommandTimeout='30']
SELECT 1  
2022-07-29 14:28:07.3777||DEBUG|Microsoft.EntityFrameworkCore.Database.Connection|Closing connection to database 'Forum' on server 'LAPTOP-VQRVD89V\SQLEXPRESS'.  
2022-07-29 14:28:07.3777||DEBUG|Microsoft.EntityFrameworkCore.Database.Connection|Closed connection to database 'Forum' on server 'LAPTOP-VQRVD89V\SQLEXPRESS'.  
2022-07-29 14:28:07.4492||DEBUG|Microsoft.EntityFrameworkCore.Query|Compiling query expression: 
'DbSet<Role>()
    .Any()'  
2022-07-29 14:28:07.6319||DEBUG|Microsoft.EntityFrameworkCore.Query|Generated query execution expression: 
'queryContext => new SingleQueryingEnumerable<bool>(
    (RelationalQueryContext)queryContext, 
    RelationalCommandCache.SelectExpression(
        Projection Mapping:
            EmptyProjectionMember -> 0
        SELECT EXISTS (
            SELECT 1
            FROM Roles AS r)), 
    Func<QueryContext, DbDataReader, ResultContext, SingleQueryResultCoordinator, bool>, 
    Forum.Entities.ForumDbContext, 
    False, 
    False, 
    True
)
    .Single()'  
2022-07-29 14:28:07.6658||DEBUG|Microsoft.EntityFrameworkCore.Database.Command|Creating DbCommand for 'ExecuteReader'.  
2022-07-29 14:28:07.6658||DEBUG|Microsoft.EntityFrameworkCore.Database.Command|Created DbCommand for 'ExecuteReader' (0ms).  
2022-07-29 14:28:07.6658||DEBUG|Microsoft.EntityFrameworkCore.Database.Connection|Opening connection to database 'Forum' on server 'LAPTOP-VQRVD89V\SQLEXPRESS'.  
2022-07-29 14:28:07.6658||DEBUG|Microsoft.EntityFrameworkCore.Database.Connection|Opened connection to database 'Forum' on server 'LAPTOP-VQRVD89V\SQLEXPRESS'.  
2022-07-29 14:28:07.6658||DEBUG|Microsoft.EntityFrameworkCore.Database.Command|Executing DbCommand [Parameters=[], CommandType='Text', CommandTimeout='30']
SELECT CASE
    WHEN EXISTS (
        SELECT 1
        FROM [Roles] AS [r]) THEN CAST(1 AS bit)
    ELSE CAST(0 AS bit)
END  
2022-07-29 14:28:07.6658||INFO|Microsoft.EntityFrameworkCore.Database.Command|Executed DbCommand (7ms) [Parameters=[], CommandType='Text', CommandTimeout='30']
SELECT CASE
    WHEN EXISTS (
        SELECT 1
        FROM [Roles] AS [r]) THEN CAST(1 AS bit)
    ELSE CAST(0 AS bit)
END  
2022-07-29 14:28:07.6658||DEBUG|Microsoft.EntityFrameworkCore.Database.Command|A data reader was disposed.  
2022-07-29 14:28:07.6658||DEBUG|Microsoft.EntityFrameworkCore.Database.Connection|Closing connection to database 'Forum' on server 'LAPTOP-VQRVD89V\SQLEXPRESS'.  
2022-07-29 14:28:07.6658||DEBUG|Microsoft.EntityFrameworkCore.Database.Connection|Closed connection to database 'Forum' on server 'LAPTOP-VQRVD89V\SQLEXPRESS'.  
2022-07-29 14:28:07.7148||DEBUG|Microsoft.AspNetCore.Mvc.ModelBinding.ModelBinderFactory|Registered model binder providers, in the following order: Microsoft.AspNetCore.Mvc.ModelBinding.Binders.BinderTypeModelBinderProvider, Microsoft.AspNetCore.Mvc.ModelBinding.Binders.ServicesModelBinderProvider, Microsoft.AspNetCore.Mvc.ModelBinding.Binders.BodyModelBinderProvider, Microsoft.AspNetCore.Mvc.ModelBinding.Binders.HeaderModelBinderProvider, Microsoft.AspNetCore.Mvc.ModelBinding.Binders.FloatingPointTypeModelBinderProvider, Microsoft.AspNetCore.Mvc.ModelBinding.Binders.EnumTypeModelBinderProvider, Microsoft.AspNetCore.Mvc.ModelBinding.Binders.DateTimeModelBinderProvider, Microsoft.AspNetCore.Mvc.ModelBinding.Binders.SimpleTypeModelBinderProvider, Microsoft.AspNetCore.Mvc.ModelBinding.Binders.CancellationTokenModelBinderProvider, Microsoft.AspNetCore.Mvc.ModelBinding.Binders.ByteArrayModelBinderProvider, Microsoft.AspNetCore.Mvc.ModelBinding.Binders.FormFileModelBinderProvider, Microsoft.AspNetCore.Mvc.ModelBinding.Binders.FormCollectionModelBinderProvider, Microsoft.AspNetCore.Mvc.ModelBinding.Binders.KeyValuePairModelBinderProvider, Microsoft.AspNetCore.Mvc.ModelBinding.Binders.DictionaryModelBinderProvider, Microsoft.AspNetCore.Mvc.ModelBinding.Binders.ArrayModelBinderProvider, Microsoft.AspNetCore.Mvc.ModelBinding.Binders.CollectionModelBinderProvider, Microsoft.AspNetCore.Mvc.ModelBinding.Binders.ComplexObjectModelBinderProvider  
2022-07-29 14:28:07.7518||DEBUG|Microsoft.Extensions.Hosting.Internal.Host|Hosting starting  
2022-07-29 14:28:07.7518||INFO|Microsoft.AspNetCore.DataProtection.KeyManagement.XmlKeyManager|User profile is available. Using 'C:\Users\kamil\AppData\Local\ASP.NET\DataProtection-Keys' as key repository and Windows DPAPI to encrypt keys at rest.  
2022-07-29 14:28:07.7696||DEBUG|Microsoft.AspNetCore.DataProtection.Repositories.FileSystemXmlRepository|Reading data from file 'C:\Users\kamil\AppData\Local\ASP.NET\DataProtection-Keys\key-62ea785f-5dba-4b23-bc99-efe549ca3e31.xml'.  
2022-07-29 14:28:07.7751||DEBUG|Microsoft.AspNetCore.DataProtection.KeyManagement.XmlKeyManager|Found key {62ea785f-5dba-4b23-bc99-efe549ca3e31}.  
2022-07-29 14:28:07.7751||DEBUG|Microsoft.AspNetCore.DataProtection.KeyManagement.DefaultKeyResolver|Considering key {62ea785f-5dba-4b23-bc99-efe549ca3e31} with expiration date 2022-09-09 10:33:07Z as default key.  
2022-07-29 14:28:07.7751||DEBUG|Microsoft.AspNetCore.DataProtection.TypeForwardingActivator|Forwarded activator type request from Microsoft.AspNetCore.DataProtection.XmlEncryption.DpapiXmlDecryptor, Microsoft.AspNetCore.DataProtection, Version=6.0.0.0, Culture=neutral, PublicKeyToken=adb9793829ddae60 to Microsoft.AspNetCore.DataProtection.XmlEncryption.DpapiXmlDecryptor, Microsoft.AspNetCore.DataProtection, Culture=neutral, PublicKeyToken=adb9793829ddae60  
2022-07-29 14:28:07.7751||DEBUG|Microsoft.AspNetCore.DataProtection.XmlEncryption.DpapiXmlDecryptor|Decrypting secret element using Windows DPAPI.  
2022-07-29 14:28:07.7751||DEBUG|Microsoft.AspNetCore.DataProtection.TypeForwardingActivator|Forwarded activator type request from Microsoft.AspNetCore.DataProtection.AuthenticatedEncryption.ConfigurationModel.AuthenticatedEncryptorDescriptorDeserializer, Microsoft.AspNetCore.DataProtection, Version=6.0.0.0, Culture=neutral, PublicKeyToken=adb9793829ddae60 to Microsoft.AspNetCore.DataProtection.AuthenticatedEncryption.ConfigurationModel.AuthenticatedEncryptorDescriptorDeserializer, Microsoft.AspNetCore.DataProtection, Culture=neutral, PublicKeyToken=adb9793829ddae60  
2022-07-29 14:28:07.7751||DEBUG|Microsoft.AspNetCore.DataProtection.AuthenticatedEncryption.CngCbcAuthenticatedEncryptorFactory|Opening CNG algorithm 'AES' from provider '(null)' with chaining mode CBC.  
2022-07-29 14:28:07.7751||DEBUG|Microsoft.AspNetCore.DataProtection.AuthenticatedEncryption.CngCbcAuthenticatedEncryptorFactory|Opening CNG algorithm 'SHA256' from provider '(null)' with HMAC.  
2022-07-29 14:28:07.7751||DEBUG|Microsoft.AspNetCore.DataProtection.KeyManagement.KeyRingProvider|Using key {62ea785f-5dba-4b23-bc99-efe549ca3e31} as the default key.  
2022-07-29 14:28:07.7751||DEBUG|Microsoft.AspNetCore.DataProtection.Internal.DataProtectionHostedService|Key ring with default key {62ea785f-5dba-4b23-bc99-efe549ca3e31} was loaded during application startup.  
2022-07-29 14:28:07.8617||DEBUG|Microsoft.AspNetCore.Server.Kestrel.Core.KestrelServer|Using development certificate: CN=localhost (Thumbprint: 6C0C392EC72B012174195025DCB577B32C800517)  
2022-07-29 14:28:07.9025||INFO|Microsoft.Hosting.Lifetime|Now listening on: https://localhost:7004  
2022-07-29 14:28:07.9025||INFO|Microsoft.Hosting.Lifetime|Now listening on: http://localhost:5004  
2022-07-29 14:28:07.9025||DEBUG|Microsoft.AspNetCore.Hosting.Diagnostics|Loaded hosting startup assembly Forum  
2022-07-29 14:28:07.9025||DEBUG|Microsoft.AspNetCore.Hosting.Diagnostics|Loaded hosting startup assembly Microsoft.AspNetCore.Watch.BrowserRefresh  
2022-07-29 14:28:07.9025||DEBUG|Microsoft.AspNetCore.Hosting.Diagnostics|Loaded hosting startup assembly Microsoft.WebTools.BrowserLink.Net  
2022-07-29 14:28:07.9025||INFO|Microsoft.Hosting.Lifetime|Application started. Press Ctrl+C to shut down.  
2022-07-29 14:28:07.9025||INFO|Microsoft.Hosting.Lifetime|Hosting environment: Development  
2022-07-29 14:28:07.9025||INFO|Microsoft.Hosting.Lifetime|Content root path: E:\Programowanie\Ćwiczenia\Forum\Forum\  
2022-07-29 14:28:07.9025||DEBUG|Microsoft.Extensions.Hosting.Internal.Host|Hosting started  
2022-07-29 14:28:08.3685||DEBUG|Microsoft.AspNetCore.Server.Kestrel.Transport.Sockets|Connection id "0HMJHBN5LCRNR" received FIN.  
2022-07-29 14:28:08.3685||DEBUG|Microsoft.AspNetCore.Server.Kestrel.Connections|Connection id "0HMJHBN5LCRNR" accepted.  
2022-07-29 14:28:08.3759||DEBUG|Microsoft.AspNetCore.Server.Kestrel.Connections|Connection id "0HMJHBN5LCRNR" started.  
2022-07-29 14:28:08.3759||DEBUG|Microsoft.AspNetCore.Server.Kestrel.Https.Internal.HttpsConnectionMiddleware|Failed to authenticate HTTPS connection. System.IO.IOException:  Received an unexpected EOF or 0 bytes from the transport stream.
   at System.Net.Security.SslStream.ReceiveBlobAsync[TIOAdapter](TIOAdapter adapter)
   at System.Net.Security.SslStream.ForceAuthenticationAsync[TIOAdapter](TIOAdapter adapter, Boolean receiveFirst, Byte[] reAuthenticationData, Boolean isApm)
   at Microsoft.AspNetCore.Server.Kestrel.Https.Internal.HttpsConnectionMiddleware.OnConnectionAsync(ConnectionContext context) 
2022-07-29 14:28:08.4182||DEBUG|Microsoft.AspNetCore.Server.Kestrel.Connections|Connection id "0HMJHBN5LCRNR" stopped.  
2022-07-29 14:28:08.4182||DEBUG|Microsoft.AspNetCore.Server.Kestrel.Transport.Sockets|Connection id "0HMJHBN5LCRNR" sending FIN because: "The Socket transport's send loop completed gracefully."  
2022-07-29 14:28:08.4466||DEBUG|Microsoft.AspNetCore.Server.Kestrel.Connections|Connection id "0HMJHBN5LCRNS" accepted.  
2022-07-29 14:28:08.4466||DEBUG|Microsoft.AspNetCore.Server.Kestrel.Connections|Connection id "0HMJHBN5LCRNS" started.  
2022-07-29 14:28:08.5187||DEBUG|Microsoft.AspNetCore.Server.Kestrel.Https.Internal.HttpsConnectionMiddleware|Connection 0HMJHBN5LCRNS established using the following protocol: Tls13  
2022-07-29 14:28:08.5536||TRACE|Microsoft.AspNetCore.Server.Kestrel.Http2|Connection id "0HMJHBN5LCRNS" sending SETTINGS frame for stream ID 0 with length 18 and flags NONE.  
2022-07-29 14:28:08.5536||TRACE|Microsoft.AspNetCore.Server.Kestrel.Http2|Connection id "0HMJHBN5LCRNS" sending WINDOW_UPDATE frame for stream ID 0 with length 4 and flags 0x0.  
2022-07-29 14:28:08.5536||TRACE|Microsoft.AspNetCore.Server.Kestrel.Http2|Connection id "0HMJHBN5LCRNS" received SETTINGS frame for stream ID 0 with length 24 and flags NONE.  
2022-07-29 14:28:08.5536||TRACE|Microsoft.AspNetCore.Server.Kestrel.Http2|Connection id "0HMJHBN5LCRNS" sending SETTINGS frame for stream ID 0 with length 0 and flags ACK.  
2022-07-29 14:28:08.5536||TRACE|Microsoft.AspNetCore.Server.Kestrel.Http2|Connection id "0HMJHBN5LCRNS" received WINDOW_UPDATE frame for stream ID 0 with length 4 and flags 0x0.  
2022-07-29 14:28:08.5536||TRACE|Microsoft.AspNetCore.Server.Kestrel.Http2|Connection id "0HMJHBN5LCRNS" received HEADERS frame for stream ID 1 with length 477 and flags END_STREAM, END_HEADERS, PRIORITY.  
2022-07-29 14:28:08.6253||TRACE|Microsoft.AspNetCore.Server.Kestrel.Http2|Connection id "0HMJHBN5LCRNS" received SETTINGS frame for stream ID 0 with length 0 and flags ACK.  
2022-07-29 14:28:08.6537||INFO|Microsoft.AspNetCore.Hosting.Diagnostics|Request starting HTTP/2 GET https://localhost:7004/swagger/index.html - -  
2022-07-29 14:28:08.6922||DEBUG|Microsoft.AspNetCore.HostFiltering.HostFilteringMiddleware|Wildcard detected, all requests with hosts will be allowed.  
2022-07-29 14:28:08.6922||TRACE|Microsoft.AspNetCore.HostFiltering.HostFilteringMiddleware|All hosts are allowed.  
2022-07-29 14:28:08.7726||DEBUG|Microsoft.AspNetCore.Routing.Matching.DfaMatcher|No candidates found for the request path '/swagger/index.html'  
2022-07-29 14:28:08.7726||DEBUG|Microsoft.AspNetCore.Routing.EndpointRoutingMiddleware|Request did not match any endpoints  
2022-07-29 14:28:08.8177||DEBUG|Microsoft.AspNetCore.Authentication.JwtBearer.JwtBearerHandler|AuthenticationScheme: Bearer was not authenticated.  
2022-07-29 14:28:08.8177||TRACE|Microsoft.AspNetCore.Server.Kestrel.Http2|Connection id "0HMJHBN5LCRNS" sending HEADERS frame for stream ID 1 with length 45 and flags END_STREAM, END_HEADERS.  
2022-07-29 14:28:08.8177||INFO|Microsoft.AspNetCore.Hosting.Diagnostics|Request finished HTTP/2 GET https://localhost:7004/swagger/index.html - - - 404 0 - 176.0782ms  
2022-07-29 14:28:13.1309||DEBUG|Microsoft.AspNetCore.Server.Kestrel.Transport.Sockets|Connection id "0HMJHBN5LCRNS" received FIN.  
2022-07-29 14:28:13.1309||DEBUG|Microsoft.AspNetCore.Server.Kestrel.Http2|Connection id "0HMJHBN5LCRNS" is closed. The last processed stream ID was 1.  
2022-07-29 14:28:13.1309||DEBUG|Microsoft.AspNetCore.Server.Kestrel.Transport.Sockets|Connection id "0HMJHBN5LCRNS" sending FIN because: "The client closed the connection."  
2022-07-29 14:28:13.1415||DEBUG|Microsoft.AspNetCore.Server.Kestrel.Connections|Connection id "0HMJHBN5LCRNS" stopped.  
2022-07-29 14:28:14.3058||DEBUG|Microsoft.AspNetCore.Server.Kestrel.Connections|Connection id "0HMJHBN5LCRNT" accepted.  
2022-07-29 14:28:14.3058||DEBUG|Microsoft.AspNetCore.Server.Kestrel.Connections|Connection id "0HMJHBN5LCRNT" started.  
2022-07-29 14:28:14.3058||DEBUG|Microsoft.AspNetCore.Server.Kestrel.Transport.Sockets|Connection id "0HMJHBN5LCRNT" received FIN.  
2022-07-29 14:28:14.3058||DEBUG|Microsoft.AspNetCore.Server.Kestrel.Connections|Connection id "0HMJHBN5LCRNU" accepted.  
2022-07-29 14:28:14.3058||DEBUG|Microsoft.AspNetCore.Server.Kestrel.Connections|Connection id "0HMJHBN5LCRNU" started.  
2022-07-29 14:28:14.3058||DEBUG|Microsoft.AspNetCore.Server.Kestrel.Https.Internal.HttpsConnectionMiddleware|Failed to authenticate HTTPS connection. System.IO.IOException:  Received an unexpected EOF or 0 bytes from the transport stream.
   at System.Net.Security.SslStream.<FillHandshakeBufferAsync>g__InternalFillHandshakeBufferAsync|187_0[TIOAdapter](TIOAdapter adap, ValueTask`1 task, Int32 minSize)
   at System.Net.Security.SslStream.ReceiveBlobAsync[TIOAdapter](TIOAdapter adapter)
   at System.Net.Security.SslStream.ForceAuthenticationAsync[TIOAdapter](TIOAdapter adapter, Boolean receiveFirst, Byte[] reAuthenticationData, Boolean isApm)
   at Microsoft.AspNetCore.Server.Kestrel.Https.Internal.HttpsConnectionMiddleware.OnConnectionAsync(ConnectionContext context) 
2022-07-29 14:28:14.3058||DEBUG|Microsoft.AspNetCore.Server.Kestrel.Connections|Connection id "0HMJHBN5LCRNT" stopped.  
2022-07-29 14:28:14.3058||DEBUG|Microsoft.AspNetCore.Server.Kestrel.Transport.Sockets|Connection id "0HMJHBN5LCRNT" sending FIN because: "The Socket transport's send loop completed gracefully."  
2022-07-29 14:28:14.3058||DEBUG|Microsoft.AspNetCore.Server.Kestrel.Https.Internal.HttpsConnectionMiddleware|Connection 0HMJHBN5LCRNU established using the following protocol: Tls13  
2022-07-29 14:28:14.3251||INFO|Microsoft.AspNetCore.Hosting.Diagnostics|Request starting HTTP/1.1 GET https://localhost:7004/api/forum?PageNumber=1&PageSize= - -  
2022-07-29 14:28:14.3251||TRACE|Microsoft.AspNetCore.HostFiltering.HostFilteringMiddleware|All hosts are allowed.  
2022-07-29 14:28:14.3251||DEBUG|Microsoft.AspNetCore.Routing.Matching.DfaMatcher|1 candidate(s) found for the request path '/api/forum'  
2022-07-29 14:28:14.3251||DEBUG|Microsoft.AspNetCore.Routing.Matching.DfaMatcher|Endpoint 'Forum.Controllers.TopicController.GetAll (Forum)' with route pattern 'api/forum' is valid for the request path '/api/forum'  
2022-07-29 14:28:14.3251||DEBUG|Microsoft.AspNetCore.Routing.EndpointRoutingMiddleware|Request matched endpoint 'Forum.Controllers.TopicController.GetAll (Forum)'  
2022-07-29 14:28:14.3251||DEBUG|Microsoft.AspNetCore.Authentication.JwtBearer.JwtBearerHandler|AuthenticationScheme: Bearer was not authenticated.  
2022-07-29 14:28:14.3251||INFO|Microsoft.AspNetCore.Routing.EndpointMiddleware|Executing endpoint 'Forum.Controllers.TopicController.GetAll (Forum)'  
2022-07-29 14:28:14.3606||INFO|Microsoft.AspNetCore.Mvc.Infrastructure.ControllerActionInvoker|Route matched with {action = "GetAll", controller = "Topic"}. Executing controller action with signature System.Threading.Tasks.Task`1[Microsoft.AspNetCore.Mvc.IActionResult] GetAll(Forum.Pagination.PaginationFilter) on controller Forum.Controllers.TopicController (Forum).  
2022-07-29 14:28:14.3606||DEBUG|Microsoft.AspNetCore.Mvc.Infrastructure.ControllerActionInvoker|Execution plan of authorization filters (in the following order): None  
2022-07-29 14:28:14.3606||DEBUG|Microsoft.AspNetCore.Mvc.Infrastructure.ControllerActionInvoker|Execution plan of resource filters (in the following order): None  
2022-07-29 14:28:14.3606||DEBUG|Microsoft.AspNetCore.Mvc.Infrastructure.ControllerActionInvoker|Execution plan of action filters (in the following order): Microsoft.AspNetCore.Mvc.ModelBinding.UnsupportedContentTypeFilter (Order: -3000), Microsoft.AspNetCore.Mvc.Infrastructure.ModelStateInvalidFilter (Order: -2000)  
2022-07-29 14:28:14.3606||DEBUG|Microsoft.AspNetCore.Mvc.Infrastructure.ControllerActionInvoker|Execution plan of exception filters (in the following order): None  
2022-07-29 14:28:14.3606||DEBUG|Microsoft.AspNetCore.Mvc.Infrastructure.ControllerActionInvoker|Execution plan of result filters (in the following order): Microsoft.AspNetCore.Mvc.Infrastructure.ClientErrorResultFilter (Order: -2000)  
2022-07-29 14:28:14.3606||DEBUG|Microsoft.AspNetCore.Mvc.Infrastructure.ControllerActionInvoker|Executing controller factory for controller Forum.Controllers.TopicController (Forum)  
2022-07-29 14:28:14.4804||DEBUG|Microsoft.AspNetCore.Mvc.Infrastructure.ControllerActionInvoker|Executed controller factory for controller Forum.Controllers.TopicController (Forum)  
2022-07-29 14:28:14.4889||DEBUG|Microsoft.AspNetCore.Mvc.ModelBinding.ParameterBinder|Attempting to bind parameter 'paginationFilter' of type 'Forum.Pagination.PaginationFilter' ...  
2022-07-29 14:28:14.4889||DEBUG|Microsoft.AspNetCore.Mvc.ModelBinding.Binders.ComplexObjectModelBinder|Attempting to bind parameter 'paginationFilter' of type 'Forum.Pagination.PaginationFilter' using the name '' in request data ...  
2022-07-29 14:28:14.4889||DEBUG|Microsoft.AspNetCore.Mvc.ModelBinding.Binders.SimpleTypeModelBinder|Attempting to bind property 'Forum.Pagination.PaginationFilter.PageNumber' of type 'System.Int32' using the name 'PageNumber' in request data ...  
2022-07-29 14:28:14.4889||DEBUG|Microsoft.AspNetCore.Mvc.ModelBinding.Binders.SimpleTypeModelBinder|Done attempting to bind property 'Forum.Pagination.PaginationFilter.PageNumber' of type 'System.Int32'.  
2022-07-29 14:28:14.4889||DEBUG|Microsoft.AspNetCore.Mvc.ModelBinding.Binders.SimpleTypeModelBinder|Attempting to bind property 'Forum.Pagination.PaginationFilter.PageSize' of type 'System.Int32' using the name 'PageSize' in request data ...  
2022-07-29 14:28:14.4889||DEBUG|Microsoft.AspNetCore.Mvc.ModelBinding.Binders.SimpleTypeModelBinder|Done attempting to bind property 'Forum.Pagination.PaginationFilter.PageSize' of type 'System.Int32'.  
2022-07-29 14:28:14.4889||DEBUG|Microsoft.AspNetCore.Mvc.ModelBinding.Binders.SimpleTypeModelBinder|Attempting to bind property 'Forum.Pagination.PaginationFilter.SearchPhrase' of type 'System.String' using the name 'SearchPhrase' in request data ...  
2022-07-29 14:28:14.4972||DEBUG|Microsoft.AspNetCore.Mvc.ModelBinding.Binders.SimpleTypeModelBinder|Could not find a value in the request with name 'SearchPhrase' for binding property 'Forum.Pagination.PaginationFilter.SearchPhrase' of type 'System.String'.  
2022-07-29 14:28:14.4972||DEBUG|Microsoft.AspNetCore.Mvc.ModelBinding.Binders.SimpleTypeModelBinder|Done attempting to bind property 'Forum.Pagination.PaginationFilter.SearchPhrase' of type 'System.String'.  
2022-07-29 14:28:14.4972||DEBUG|Microsoft.AspNetCore.Mvc.ModelBinding.Binders.ComplexObjectModelBinder|Done attempting to bind parameter 'paginationFilter' of type 'Forum.Pagination.PaginationFilter'.  
2022-07-29 14:28:14.4972||DEBUG|Microsoft.AspNetCore.Mvc.ModelBinding.ParameterBinder|Done attempting to bind parameter 'paginationFilter' of type 'Forum.Pagination.PaginationFilter'.  
2022-07-29 14:28:14.4972||DEBUG|Microsoft.AspNetCore.Mvc.ModelBinding.ParameterBinder|Attempting to validate the bound parameter 'paginationFilter' of type 'Forum.Pagination.PaginationFilter' ...  
2022-07-29 14:28:14.4972||DEBUG|Microsoft.AspNetCore.Mvc.ModelBinding.ParameterBinder|Done attempting to validate the bound parameter 'paginationFilter' of type 'Forum.Pagination.PaginationFilter'.  
2022-07-29 14:28:14.4972||TRACE|Microsoft.AspNetCore.Mvc.Infrastructure.ControllerActionInvoker|Action Filter: Before executing OnActionExecuting on filter Microsoft.AspNetCore.Mvc.ModelBinding.UnsupportedContentTypeFilter.  
2022-07-29 14:28:14.4972||TRACE|Microsoft.AspNetCore.Mvc.Infrastructure.ControllerActionInvoker|Action Filter: After executing OnActionExecuting on filter Microsoft.AspNetCore.Mvc.ModelBinding.UnsupportedContentTypeFilter.  
2022-07-29 14:28:14.4972||TRACE|Microsoft.AspNetCore.Mvc.Infrastructure.ControllerActionInvoker|Action Filter: Before executing OnActionExecuting on filter Microsoft.AspNetCore.Mvc.Infrastructure.ModelStateInvalidFilter.  
2022-07-29 14:28:14.4972||DEBUG|Microsoft.AspNetCore.Mvc.Infrastructure.ModelStateInvalidFilter|The request has model state errors, returning an error response.  
2022-07-29 14:28:14.4972||TRACE|Microsoft.AspNetCore.Mvc.Infrastructure.ControllerActionInvoker|Action Filter: After executing OnActionExecuting on filter Microsoft.AspNetCore.Mvc.Infrastructure.ModelStateInvalidFilter.  
2022-07-29 14:28:14.4972||DEBUG|Microsoft.AspNetCore.Mvc.Infrastructure.ControllerActionInvoker|Request was short circuited at action filter 'Microsoft.AspNetCore.Mvc.Infrastructure.ModelStateInvalidFilter'.  
2022-07-29 14:28:14.4972||TRACE|Microsoft.AspNetCore.Mvc.Infrastructure.ControllerActionInvoker|Action Filter: Before executing OnActionExecuted on filter Microsoft.AspNetCore.Mvc.ModelBinding.UnsupportedContentTypeFilter.  
2022-07-29 14:28:14.4972||TRACE|Microsoft.AspNetCore.Mvc.Infrastructure.ControllerActionInvoker|Action Filter: After executing OnActionExecuted on filter Microsoft.AspNetCore.Mvc.ModelBinding.UnsupportedContentTypeFilter.  
2022-07-29 14:28:14.4972||TRACE|Microsoft.AspNetCore.Mvc.Infrastructure.ControllerActionInvoker|Result Filter: Before executing OnResultExecuting on filter Microsoft.AspNetCore.Mvc.Infrastructure.ClientErrorResultFilter.  
2022-07-29 14:28:14.4972||TRACE|Microsoft.AspNetCore.Mvc.Infrastructure.ControllerActionInvoker|Result Filter: After executing OnResultExecuting on filter Microsoft.AspNetCore.Mvc.Infrastructure.ClientErrorResultFilter.  
2022-07-29 14:28:14.4972||TRACE|Microsoft.AspNetCore.Mvc.Infrastructure.ControllerActionInvoker|Before executing action result Microsoft.AspNetCore.Mvc.BadRequestObjectResult.  
2022-07-29 14:28:14.4972||DEBUG|Microsoft.AspNetCore.Mvc.Infrastructure.DefaultOutputFormatterSelector|List of registered output formatters, in the following order: Microsoft.AspNetCore.Mvc.Formatters.HttpNoContentOutputFormatter, Microsoft.AspNetCore.Mvc.Formatters.StringOutputFormatter, Microsoft.AspNetCore.Mvc.Formatters.StreamOutputFormatter, Microsoft.AspNetCore.Mvc.Formatters.SystemTextJsonOutputFormatter  
2022-07-29 14:28:14.4972||DEBUG|Microsoft.AspNetCore.Mvc.Infrastructure.DefaultOutputFormatterSelector|No information found on request to perform content negotiation.  
2022-07-29 14:28:14.4972||DEBUG|Microsoft.AspNetCore.Mvc.Infrastructure.DefaultOutputFormatterSelector|Attempting to select the first output formatter in the output formatters list which supports a content type from the explicitly specified content types 'application/problem+json, application/problem+xml, application/problem+json, application/problem+xml'.  
2022-07-29 14:28:14.4972||DEBUG|Microsoft.AspNetCore.Mvc.Infrastructure.DefaultOutputFormatterSelector|Selected output formatter 'Microsoft.AspNetCore.Mvc.Formatters.SystemTextJsonOutputFormatter' and content type 'application/problem+json' to write the response.  
2022-07-29 14:28:14.4972||INFO|Microsoft.AspNetCore.Mvc.Infrastructure.ObjectResultExecutor|Executing BadRequestObjectResult, writing value of type 'Microsoft.AspNetCore.Mvc.ValidationProblemDetails'.  
2022-07-29 14:28:14.5226||TRACE|Microsoft.AspNetCore.Mvc.Infrastructure.ControllerActionInvoker|After executing action result Microsoft.AspNetCore.Mvc.BadRequestObjectResult.  
2022-07-29 14:28:14.5226||TRACE|Microsoft.AspNetCore.Mvc.Infrastructure.ControllerActionInvoker|Result Filter: Before executing OnResultExecuted on filter Microsoft.AspNetCore.Mvc.Infrastructure.ClientErrorResultFilter.  
2022-07-29 14:28:14.5226||TRACE|Microsoft.AspNetCore.Mvc.Infrastructure.ControllerActionInvoker|Result Filter: After executing OnResultExecuted on filter Microsoft.AspNetCore.Mvc.Infrastructure.ClientErrorResultFilter.  
2022-07-29 14:28:14.5226||INFO|Microsoft.AspNetCore.Mvc.Infrastructure.ControllerActionInvoker|Executed action Forum.Controllers.TopicController.GetAll (Forum) in 161.0331ms  
2022-07-29 14:28:14.5226||INFO|Microsoft.AspNetCore.Routing.EndpointMiddleware|Executed endpoint 'Forum.Controllers.TopicController.GetAll (Forum)'  
2022-07-29 14:28:14.5226||DEBUG|Microsoft.AspNetCore.Server.Kestrel.Connections|Connection id "0HMJHBN5LCRNU" completed keep alive response.  
2022-07-29 14:28:14.5226||INFO|Microsoft.AspNetCore.Hosting.Diagnostics|Request finished HTTP/1.1 GET https://localhost:7004/api/forum?PageNumber=1&PageSize= - - - 400 - application/problem+json;+charset=utf-8 202.6811ms  
2022-07-29 14:29:12.2078||INFO|Microsoft.AspNetCore.Hosting.Diagnostics|Request starting HTTP/1.1 GET https://localhost:7004/api/forum/123 - -  
2022-07-29 14:29:12.2078||TRACE|Microsoft.AspNetCore.HostFiltering.HostFilteringMiddleware|All hosts are allowed.  
2022-07-29 14:29:12.2078||DEBUG|Microsoft.AspNetCore.Routing.Matching.DfaMatcher|1 candidate(s) found for the request path '/api/forum/123'  
2022-07-29 14:29:12.2078||DEBUG|Microsoft.AspNetCore.Routing.Matching.DfaMatcher|Endpoint 'Forum.Controllers.TopicController.GetById (Forum)' with route pattern 'api/forum/{id}' is valid for the request path '/api/forum/123'  
2022-07-29 14:29:12.2078||DEBUG|Microsoft.AspNetCore.Routing.EndpointRoutingMiddleware|Request matched endpoint 'Forum.Controllers.TopicController.GetById (Forum)'  
2022-07-29 14:29:12.2078||DEBUG|Microsoft.AspNetCore.Authentication.JwtBearer.JwtBearerHandler|AuthenticationScheme: Bearer was not authenticated.  
2022-07-29 14:29:12.2078||INFO|Microsoft.AspNetCore.Routing.EndpointMiddleware|Executing endpoint 'Forum.Controllers.TopicController.GetById (Forum)'  
2022-07-29 14:29:12.2174||INFO|Microsoft.AspNetCore.Mvc.Infrastructure.ControllerActionInvoker|Route matched with {action = "GetById", controller = "Topic"}. Executing controller action with signature System.Threading.Tasks.Task`1[Microsoft.AspNetCore.Mvc.IActionResult] GetById(Int32) on controller Forum.Controllers.TopicController (Forum).  
2022-07-29 14:29:12.2174||DEBUG|Microsoft.AspNetCore.Mvc.Infrastructure.ControllerActionInvoker|Execution plan of authorization filters (in the following order): None  
2022-07-29 14:29:12.2174||DEBUG|Microsoft.AspNetCore.Mvc.Infrastructure.ControllerActionInvoker|Execution plan of resource filters (in the following order): None  
2022-07-29 14:29:12.2174||DEBUG|Microsoft.AspNetCore.Mvc.Infrastructure.ControllerActionInvoker|Execution plan of action filters (in the following order): Microsoft.AspNetCore.Mvc.ModelBinding.UnsupportedContentTypeFilter (Order: -3000), Microsoft.AspNetCore.Mvc.Infrastructure.ModelStateInvalidFilter (Order: -2000)  
2022-07-29 14:29:12.2174||DEBUG|Microsoft.AspNetCore.Mvc.Infrastructure.ControllerActionInvoker|Execution plan of exception filters (in the following order): None  
2022-07-29 14:29:12.2174||DEBUG|Microsoft.AspNetCore.Mvc.Infrastructure.ControllerActionInvoker|Execution plan of result filters (in the following order): Microsoft.AspNetCore.Mvc.Infrastructure.ClientErrorResultFilter (Order: -2000)  
2022-07-29 14:29:12.2174||DEBUG|Microsoft.AspNetCore.Mvc.Infrastructure.ControllerActionInvoker|Executing controller factory for controller Forum.Controllers.TopicController (Forum)  
2022-07-29 14:29:12.2174||DEBUG|Microsoft.AspNetCore.Mvc.Infrastructure.ControllerActionInvoker|Executed controller factory for controller Forum.Controllers.TopicController (Forum)  
2022-07-29 14:29:12.2174||DEBUG|Microsoft.AspNetCore.Mvc.ModelBinding.ParameterBinder|Attempting to bind parameter 'id' of type 'System.Int32' ...  
2022-07-29 14:29:12.2174||DEBUG|Microsoft.AspNetCore.Mvc.ModelBinding.Binders.SimpleTypeModelBinder|Attempting to bind parameter 'id' of type 'System.Int32' using the name 'id' in request data ...  
2022-07-29 14:29:12.2174||DEBUG|Microsoft.AspNetCore.Mvc.ModelBinding.Binders.SimpleTypeModelBinder|Done attempting to bind parameter 'id' of type 'System.Int32'.  
2022-07-29 14:29:12.2174||DEBUG|Microsoft.AspNetCore.Mvc.ModelBinding.ParameterBinder|Done attempting to bind parameter 'id' of type 'System.Int32'.  
2022-07-29 14:29:12.2174||DEBUG|Microsoft.AspNetCore.Mvc.ModelBinding.ParameterBinder|Attempting to validate the bound parameter 'id' of type 'System.Int32' ...  
2022-07-29 14:29:12.2174||DEBUG|Microsoft.AspNetCore.Mvc.ModelBinding.ParameterBinder|Done attempting to validate the bound parameter 'id' of type 'System.Int32'.  
2022-07-29 14:29:12.2174||TRACE|Microsoft.AspNetCore.Mvc.Infrastructure.ControllerActionInvoker|Action Filter: Before executing OnActionExecuting on filter Microsoft.AspNetCore.Mvc.ModelBinding.UnsupportedContentTypeFilter.  
2022-07-29 14:29:12.2174||TRACE|Microsoft.AspNetCore.Mvc.Infrastructure.ControllerActionInvoker|Action Filter: After executing OnActionExecuting on filter Microsoft.AspNetCore.Mvc.ModelBinding.UnsupportedContentTypeFilter.  
2022-07-29 14:29:12.2174||TRACE|Microsoft.AspNetCore.Mvc.Infrastructure.ControllerActionInvoker|Action Filter: Before executing OnActionExecuting on filter Microsoft.AspNetCore.Mvc.Infrastructure.ModelStateInvalidFilter.  
2022-07-29 14:29:12.2174||TRACE|Microsoft.AspNetCore.Mvc.Infrastructure.ControllerActionInvoker|Action Filter: After executing OnActionExecuting on filter Microsoft.AspNetCore.Mvc.Infrastructure.ModelStateInvalidFilter.  
2022-07-29 14:29:12.2174||INFO|Microsoft.AspNetCore.Mvc.Infrastructure.ControllerActionInvoker|Executing action method Forum.Controllers.TopicController.GetById (Forum) - Validation state: Valid  
2022-07-29 14:29:12.2174||TRACE|Microsoft.AspNetCore.Mvc.Infrastructure.ControllerActionInvoker|Executing action method Forum.Controllers.TopicController.GetById (Forum) with arguments (123)  
2022-07-29 14:29:12.2365||INFO|Microsoft.EntityFrameworkCore.Infrastructure|Entity Framework Core 6.0.7 initialized 'ForumDbContext' using provider 'Microsoft.EntityFrameworkCore.SqlServer:6.0.7' with options: None  
2022-07-29 14:29:12.2510||DEBUG|Microsoft.EntityFrameworkCore.Query|Compiling query expression: 
'DbSet<Topic>()
    .Include(c => c.Comments)
    .FirstOrDefault(x => x.Id == __id_0)'  
2022-07-29 14:29:12.2833||DEBUG|Microsoft.EntityFrameworkCore.Query|Including navigation: 'Topic.Comments'.  
2022-07-29 14:29:12.4099||DEBUG|Microsoft.EntityFrameworkCore.Query|Generated query execution expression: 
'queryContext => ShapedQueryCompilingExpressionVisitor.SingleOrDefaultAsync<Topic>(
    asyncEnumerable: new SingleQueryingEnumerable<Topic>(
        (RelationalQueryContext)queryContext, 
        RelationalCommandCache.SelectExpression(
            Client Projections:
                0 -> Dictionary<IProperty, int> { [Property: Topic.Id (int) Required PK AfterSave:Throw ValueGenerated.OnAdd, 0], [Property: Topic.DateOfCreate (DateTime) Required, 1], [Property: Topic.Description (string) Required, 2], [Property: Topic.NameOfTopic (string) Required, 3], [Property: Topic.UserId (int?) FK Index, 4] }
                1 -> 0
                2 -> Dictionary<IProperty, int> { [Property: Comment.Id (int) Required PK AfterSave:Throw ValueGenerated.OnAdd, 5], [Property: Comment.DateOfCreate (DateTime) Required, 6], [Property: Comment.Description (string) Required, 7], [Property: Comment.TopicId (int) Required FK Index, 8], [Property: Comment.UsernameThatCreatedComment (string) Required, 9] }
                3 -> 5
            SELECT t0.Id, t0.DateOfCreate, t0.Description, t0.NameOfTopic, t0.UserId, c.Id, c.DateOfCreate, c.Description, c.TopicId, c.UsernameThatCreatedComment
            FROM 
            (
                SELECT TOP(1) t.Id, t.DateOfCreate, t.Description, t.NameOfTopic, t.UserId
                FROM Topics AS t
                WHERE t.Id == @__id_0
            ) AS t0
            LEFT JOIN Comments AS c ON t0.Id == c.TopicId
            ORDER BY t0.Id ASC), 
        Func<QueryContext, DbDataReader, ResultContext, SingleQueryResultCoordinator, Topic>, 
        Forum.Entities.ForumDbContext, 
        False, 
        False, 
        True
    ), 
    cancellationToken: queryContext.CancellationToken)'  
2022-07-29 14:29:12.4234||DEBUG|Microsoft.EntityFrameworkCore.Database.Command|Creating DbCommand for 'ExecuteReader'.  
2022-07-29 14:29:12.4234||DEBUG|Microsoft.EntityFrameworkCore.Database.Command|Created DbCommand for 'ExecuteReader' (0ms).  
2022-07-29 14:29:12.4234||DEBUG|Microsoft.EntityFrameworkCore.Database.Connection|Opening connection to database 'Forum' on server 'LAPTOP-VQRVD89V\SQLEXPRESS'.  
2022-07-29 14:29:12.4316||DEBUG|Microsoft.EntityFrameworkCore.Database.Connection|Opened connection to database 'Forum' on server 'LAPTOP-VQRVD89V\SQLEXPRESS'.  
2022-07-29 14:29:12.4316||DEBUG|Microsoft.EntityFrameworkCore.Database.Command|Executing DbCommand [Parameters=[@__id_0='?' (DbType = Int32)], CommandType='Text', CommandTimeout='30']
SELECT [t0].[Id], [t0].[DateOfCreate], [t0].[Description], [t0].[NameOfTopic], [t0].[UserId], [c].[Id], [c].[DateOfCreate], [c].[Description], [c].[TopicId], [c].[UsernameThatCreatedComment]
FROM (
    SELECT TOP(1) [t].[Id], [t].[DateOfCreate], [t].[Description], [t].[NameOfTopic], [t].[UserId]
    FROM [Topics] AS [t]
    WHERE [t].[Id] = @__id_0
) AS [t0]
LEFT JOIN [Comments] AS [c] ON [t0].[Id] = [c].[TopicId]
ORDER BY [t0].[Id]  
2022-07-29 14:29:12.4720||INFO|Microsoft.EntityFrameworkCore.Database.Command|Executed DbCommand (40ms) [Parameters=[@__id_0='?' (DbType = Int32)], CommandType='Text', CommandTimeout='30']
SELECT [t0].[Id], [t0].[DateOfCreate], [t0].[Description], [t0].[NameOfTopic], [t0].[UserId], [c].[Id], [c].[DateOfCreate], [c].[Description], [c].[TopicId], [c].[UsernameThatCreatedComment]
FROM (
    SELECT TOP(1) [t].[Id], [t].[DateOfCreate], [t].[Description], [t].[NameOfTopic], [t].[UserId]
    FROM [Topics] AS [t]
    WHERE [t].[Id] = @__id_0
) AS [t0]
LEFT JOIN [Comments] AS [c] ON [t0].[Id] = [c].[TopicId]
ORDER BY [t0].[Id]  
2022-07-29 14:29:12.4811||DEBUG|Microsoft.EntityFrameworkCore.Database.Command|A data reader was disposed.  
2022-07-29 14:29:12.4811||DEBUG|Microsoft.EntityFrameworkCore.Database.Connection|Closing connection to database 'Forum' on server 'LAPTOP-VQRVD89V\SQLEXPRESS'.  
2022-07-29 14:29:12.4811||DEBUG|Microsoft.EntityFrameworkCore.Database.Connection|Closed connection to database 'Forum' on server 'LAPTOP-VQRVD89V\SQLEXPRESS'.  
2022-07-29 14:29:12.4811||TRACE|Microsoft.AspNetCore.Mvc.Infrastructure.ControllerActionInvoker|Action Filter: Before executing OnActionExecuted on filter Microsoft.AspNetCore.Mvc.Infrastructure.ModelStateInvalidFilter.  
2022-07-29 14:29:12.4811||TRACE|Microsoft.AspNetCore.Mvc.Infrastructure.ControllerActionInvoker|Action Filter: After executing OnActionExecuted on filter Microsoft.AspNetCore.Mvc.Infrastructure.ModelStateInvalidFilter.  
2022-07-29 14:29:12.4811||TRACE|Microsoft.AspNetCore.Mvc.Infrastructure.ControllerActionInvoker|Action Filter: Before executing OnActionExecuted on filter Microsoft.AspNetCore.Mvc.ModelBinding.UnsupportedContentTypeFilter.  
2022-07-29 14:29:12.4811||TRACE|Microsoft.AspNetCore.Mvc.Infrastructure.ControllerActionInvoker|Action Filter: After executing OnActionExecuted on filter Microsoft.AspNetCore.Mvc.ModelBinding.UnsupportedContentTypeFilter.  
2022-07-29 14:29:12.4811||INFO|Microsoft.AspNetCore.Mvc.Infrastructure.ControllerActionInvoker|Executed action Forum.Controllers.TopicController.GetById (Forum) in 269.9846ms  
2022-07-29 14:29:12.4811||INFO|Microsoft.AspNetCore.Routing.EndpointMiddleware|Executed endpoint 'Forum.Controllers.TopicController.GetById (Forum)'  
2022-07-29 14:29:12.4811||ERROR|Forum.Middleware.ErrorHandlingMiddleware|Topic not found Forum.Exceptions.NotFoundException: Topic not found
   at Forum.Services.TopicService.getTopicForId(Int32 id) in E:\Programowanie\Ćwiczenia\Forum\Forum\Services\TopicService.cs:line 99
   at Forum.Controllers.TopicController.GetById(Int32 id) in E:\Programowanie\Ćwiczenia\Forum\Forum\Controllers\TopicController.cs:line 52
   at Microsoft.AspNetCore.Mvc.Infrastructure.ActionMethodExecutor.TaskOfIActionResultExecutor.Execute(IActionResultTypeMapper mapper, ObjectMethodExecutor executor, Object controller, Object[] arguments)
   at Microsoft.AspNetCore.Mvc.Infrastructure.ControllerActionInvoker.<InvokeActionMethodAsync>g__Logged|12_1(ControllerActionInvoker invoker)
   at Microsoft.AspNetCore.Mvc.Infrastructure.ControllerActionInvoker.<InvokeNextActionFilterAsync>g__Awaited|10_0(ControllerActionInvoker invoker, Task lastTask, State next, Scope scope, Object state, Boolean isCompleted)
   at Microsoft.AspNetCore.Mvc.Infrastructure.ControllerActionInvoker.Rethrow(ActionExecutedContextSealed context)
   at Microsoft.AspNetCore.Mvc.Infrastructure.ControllerActionInvoker.Next(State& next, Scope& scope, Object& state, Boolean& isCompleted)
   at Microsoft.AspNetCore.Mvc.Infrastructure.ControllerActionInvoker.<InvokeInnerFilterAsync>g__Awaited|13_0(ControllerActionInvoker invoker, Task lastTask, State next, Scope scope, Object state, Boolean isCompleted)
   at Microsoft.AspNetCore.Mvc.Infrastructure.ResourceInvoker.<InvokeFilterPipelineAsync>g__Awaited|20_0(ResourceInvoker invoker, Task lastTask, State next, Scope scope, Object state, Boolean isCompleted)
   at Microsoft.AspNetCore.Mvc.Infrastructure.ResourceInvoker.<InvokeAsync>g__Logged|17_1(ResourceInvoker invoker)
   at Microsoft.AspNetCore.Mvc.Infrastructure.ResourceInvoker.<InvokeAsync>g__Logged|17_1(ResourceInvoker invoker)
   at Microsoft.AspNetCore.Routing.EndpointMiddleware.<Invoke>g__AwaitRequestTask|6_0(Endpoint endpoint, Task requestTask, ILogger logger)
   at Microsoft.AspNetCore.Authorization.AuthorizationMiddleware.Invoke(HttpContext context)
   at Microsoft.AspNetCore.Authentication.AuthenticationMiddleware.Invoke(HttpContext context)
   at Forum.Middleware.ErrorHandlingMiddleware.InvokeAsync(HttpContext context, RequestDelegate next) in E:\Programowanie\Ćwiczenia\Forum\Forum\Middleware\ErrorHandlingMiddleware.cs:line 17 
2022-07-29 14:29:12.5321||DEBUG|Microsoft.AspNetCore.Server.Kestrel.Connections|Connection id "0HMJHBN5LCRNU" completed keep alive response.  
2022-07-29 14:29:12.5321||DEBUG|Microsoft.EntityFrameworkCore.Infrastructure|'ForumDbContext' disposed.  
2022-07-29 14:29:12.5321||INFO|Microsoft.AspNetCore.Hosting.Diagnostics|Request finished HTTP/1.1 GET https://localhost:7004/api/forum/123 - - - 404 - - 326.5715ms  
2022-07-29 14:31:24.1581||DEBUG|Microsoft.AspNetCore.Server.Kestrel.Connections|Connection id "0HMJHBN5LCRNU" disconnecting.  
2022-07-29 14:31:24.1581||DEBUG|Microsoft.AspNetCore.Server.Kestrel.Connections|Connection id "0HMJHBN5LCRNU" stopped.  
2022-07-29 14:31:24.1581||DEBUG|Microsoft.AspNetCore.Server.Kestrel.Transport.Sockets|Connection id "0HMJHBN5LCRNU" sending FIN because: "The Socket transport's send loop completed gracefully."  
